<?xml version="1.0" encoding="UTF-8"?>
<testsuite name="cn.codingxiaxw.dao.SuccessKilledDaoTest" time="0.005" tests="2" errors="1" skipped="0" failures="0">
  <properties>
[...]
</properties>
  <testcase name="insertSuccessKilled" classname="cn.codingxiaxw.dao.SuccessKilledDaoTest" time="0"/>
  <testcase name="queryByIdWithSeckill" classname="cn.codingxiaxw.dao.SuccessKilledDaoTest" time="0.005">
    <error message="nested exception is org.apache.ibatis.reflection.ReflectionException: Cannot set value of property &apos;seckill.seckillId&apos; because &apos;seckill.seckillId&apos; is null and cannot be instantiated on instance of cn.codingxiaxw.entity.Seckill. Cause:org.apache.ibatis.reflection.ReflectionException: Error instantiating class cn.codingxiaxw.entity.Seckill with invalid types () or values (). Cause: java.lang.NoSuchMethodException: cn.codingxiaxw.entity.Seckill.&lt;init&gt;()" type="org.mybatis.spring.MyBatisSystemException"><![CDATA[org.mybatis.spring.MyBatisSystemException: nested exception is org.apache.ibatis.reflection.ReflectionException: Cannot set value of property 'seckill.seckillId' because 'seckill.seckillId' is null and cannot be instantiated on instance of cn.codingxiaxw.entity.Seckill. Cause:org.apache.ibatis.reflection.ReflectionException: Error instantiating class cn.codingxiaxw.entity.Seckill with invalid types () or values (). Cause: java.lang.NoSuchMethodException: cn.codingxiaxw.entity.Seckill.<init>()
	at java.lang.Class.getConstructor0(Class.java:3082)
	at java.lang.Class.getDeclaredConstructor(Class.java:2178)
	at org.apache.ibatis.reflection.factory.DefaultObjectFactory.instantiateClass(DefaultObjectFactory.java:62)
	at org.apache.ibatis.reflection.factory.DefaultObjectFactory.create(DefaultObjectFactory.java:50)
	at org.apache.ibatis.reflection.factory.DefaultObjectFactory.create(DefaultObjectFactory.java:42)
	at org.apache.ibatis.reflection.wrapper.BeanWrapper.instantiatePropertyValue(BeanWrapper.java:151)
	at org.apache.ibatis.reflection.MetaObject.setValue(MetaObject.java:135)
	at org.apache.ibatis.executor.resultset.DefaultResultSetHandler.applyAutomaticMappings(DefaultResultSetHandler.java:438)
	at org.apache.ibatis.executor.resultset.DefaultResultSetHandler.getRowValue(DefaultResultSetHandler.java:344)
	at org.apache.ibatis.executor.resultset.DefaultResultSetHandler.handleRowValuesForSimpleResultMap(DefaultResultSetHandler.java:298)
	at org.apache.ibatis.executor.resultset.DefaultResultSetHandler.handleRowValues(DefaultResultSetHandler.java:273)
	at org.apache.ibatis.executor.resultset.DefaultResultSetHandler.handleResultSet(DefaultResultSetHandler.java:246)
	at org.apache.ibatis.executor.resultset.DefaultResultSetHandler.handleResultSets(DefaultResultSetHandler.java:160)
	at org.apache.ibatis.executor.statement.PreparedStatementHandler.query(PreparedStatementHandler.java:63)
	at org.apache.ibatis.executor.statement.RoutingStatementHandler.query(RoutingStatementHandler.java:78)
	at org.apache.ibatis.executor.SimpleExecutor.doQuery(SimpleExecutor.java:62)
	at org.apache.ibatis.executor.BaseExecutor.queryFromDatabase(BaseExecutor.java:303)
	at org.apache.ibatis.executor.BaseExecutor.query(BaseExecutor.java:154)
	at org.apache.ibatis.executor.CachingExecutor.query(CachingExecutor.java:102)
	at org.apache.ibatis.executor.CachingExecutor.query(CachingExecutor.java:82)
	at org.apache.ibatis.session.defaults.DefaultSqlSession.selectList(DefaultSqlSession.java:120)
	at org.apache.ibatis.session.defaults.DefaultSqlSession.selectList(DefaultSqlSession.java:113)
	at org.apache.ibatis.session.defaults.DefaultSqlSession.selectOne(DefaultSqlSession.java:73)
	at sun.reflect.NativeMethodAccessorImpl.invoke0(Native Method)
	at sun.reflect.NativeMethodAccessorImpl.invoke(NativeMethodAccessorImpl.java:62)
	at sun.reflect.DelegatingMethodAccessorImpl.invoke(DelegatingMethodAccessorImpl.java:43)
	at java.lang.reflect.Method.invoke(Method.java:498)
	at org.mybatis.spring.SqlSessionTemplate$SqlSessionInterceptor.invoke(SqlSessionTemplate.java:386)
	at com.sun.proxy.$Proxy15.selectOne(Unknown Source)
	at org.mybatis.spring.SqlSessionTemplate.selectOne(SqlSessionTemplate.java:165)
	at org.apache.ibatis.binding.MapperMethod.execute(MapperMethod.java:69)
	at org.apache.ibatis.binding.MapperProxy.invoke(MapperProxy.java:53)
	at com.sun.proxy.$Proxy18.queryByIdWithSeckill(Unknown Source)
	at cn.codingxiaxw.dao.SuccessKilledDaoTest.queryByIdWithSeckill(SuccessKilledDaoTest.java:37)
]]></error>
    <system-out><![CDATA[18:15:18.155 [main] DEBUG org.mybatis.spring.SqlSessionUtils - Creating a new SqlSession
18:15:18.155 [main] DEBUG org.mybatis.spring.SqlSessionUtils - SqlSession [org.apache.ibatis.session.defaults.DefaultSqlSession@5443d039] was not registered for synchronization because synchronization is not active
18:15:18.155 [main] DEBUG o.m.s.t.SpringManagedTransaction - JDBC Connection [com.mchange.v2.c3p0.impl.NewProxyConnection@7d1cfb8b] will not be managed by Spring
18:15:18.155 [main] DEBUG c.c.d.S.queryByIdWithSeckill - ==>  Preparing: SELECT sk.seckill_id, sk.user_phone, sk.create_time, sk.state, s.seckill_id "seckill.seckill_id", s.name "seckill.name", s.number "seckill.number", s.start_time "seckill.start_time", s.end_time "seckill.end_time", s.create_time "seckill.create_time" FROM success_killed sk INNER JOIN seckill s ON sk.seckill_id=s.seckill_id WHERE sk.seckill_id=? and sk.user_phone=? 
18:15:18.155 [main] DEBUG c.c.d.S.queryByIdWithSeckill - ==> Parameters: 1000(Long), 13476191877(Long)
18:15:18.164 [main] DEBUG org.mybatis.spring.SqlSessionUtils - Closing non transactional SqlSession [org.apache.ibatis.session.defaults.DefaultSqlSession@5443d039]
]]></system-out>
  </testcase>
</testsuite>