<?xml version="1.0" encoding="UTF-8"?>
<testsuite name="cn.codingxiaxw.service.SeckillServiceTest" time="0.337" tests="4" errors="3" skipped="0" failures="0">
  <properties>
[...]
</properties>
  <testcase name="testSeckillLogic" classname="cn.codingxiaxw.service.SeckillServiceTest" time="0.329">
    <error message="nested exception is org.apache.ibatis.executor.ExecutorException: No constructor found in cn.codingxiaxw.entity.Seckill matching [java.lang.Long, java.lang.String, java.lang.Integer, java.sql.Timestamp, java.lang.String, java.sql.Timestamp]" type="org.mybatis.spring.MyBatisSystemException">org.mybatis.spring.MyBatisSystemException: nested exception is org.apache.ibatis.executor.ExecutorException: No constructor found in cn.codingxiaxw.entity.Seckill matching [java.lang.Long, java.lang.String, java.lang.Integer, java.sql.Timestamp, java.lang.String, java.sql.Timestamp]
	at org.apache.ibatis.executor.resultset.DefaultResultSetHandler.createByConstructorSignature(DefaultResultSetHandler.java:584)
	at org.apache.ibatis.executor.resultset.DefaultResultSetHandler.createResultObject(DefaultResultSetHandler.java:533)
	at org.apache.ibatis.executor.resultset.DefaultResultSetHandler.createResultObject(DefaultResultSetHandler.java:508)
	at org.apache.ibatis.executor.resultset.DefaultResultSetHandler.getRowValue(DefaultResultSetHandler.java:339)
	at org.apache.ibatis.executor.resultset.DefaultResultSetHandler.handleRowValuesForSimpleResultMap(DefaultResultSetHandler.java:298)
	at org.apache.ibatis.executor.resultset.DefaultResultSetHandler.handleRowValues(DefaultResultSetHandler.java:273)
	at org.apache.ibatis.executor.resultset.DefaultResultSetHandler.handleResultSet(DefaultResultSetHandler.java:246)
	at org.apache.ibatis.executor.resultset.DefaultResultSetHandler.handleResultSets(DefaultResultSetHandler.java:160)
	at org.apache.ibatis.executor.statement.PreparedStatementHandler.query(PreparedStatementHandler.java:63)
	at org.apache.ibatis.executor.statement.RoutingStatementHandler.query(RoutingStatementHandler.java:78)
	at org.apache.ibatis.executor.SimpleExecutor.doQuery(SimpleExecutor.java:62)
	at org.apache.ibatis.executor.BaseExecutor.queryFromDatabase(BaseExecutor.java:303)
	at org.apache.ibatis.executor.BaseExecutor.query(BaseExecutor.java:154)
	at org.apache.ibatis.executor.CachingExecutor.query(CachingExecutor.java:102)
	at org.apache.ibatis.executor.CachingExecutor.query(CachingExecutor.java:82)
	at org.apache.ibatis.session.defaults.DefaultSqlSession.selectList(DefaultSqlSession.java:120)
	at org.apache.ibatis.session.defaults.DefaultSqlSession.selectList(DefaultSqlSession.java:113)
	at org.apache.ibatis.session.defaults.DefaultSqlSession.selectOne(DefaultSqlSession.java:73)
	at sun.reflect.NativeMethodAccessorImpl.invoke0(Native Method)
	at sun.reflect.NativeMethodAccessorImpl.invoke(NativeMethodAccessorImpl.java:62)
	at sun.reflect.DelegatingMethodAccessorImpl.invoke(DelegatingMethodAccessorImpl.java:43)
	at java.lang.reflect.Method.invoke(Method.java:498)
	at org.mybatis.spring.SqlSessionTemplate$SqlSessionInterceptor.invoke(SqlSessionTemplate.java:386)
	at com.sun.proxy.$Proxy15.selectOne(Unknown Source)
	at org.mybatis.spring.SqlSessionTemplate.selectOne(SqlSessionTemplate.java:165)
	at org.apache.ibatis.binding.MapperMethod.execute(MapperMethod.java:69)
	at org.apache.ibatis.binding.MapperProxy.invoke(MapperProxy.java:53)
	at com.sun.proxy.$Proxy16.queryById(Unknown Source)
	at cn.codingxiaxw.service.impl.SeckillServiceImpl.exportSeckillUrl(SeckillServiceImpl.java:67)
	at sun.reflect.NativeMethodAccessorImpl.invoke0(Native Method)
	at sun.reflect.NativeMethodAccessorImpl.invoke(NativeMethodAccessorImpl.java:62)
	at sun.reflect.DelegatingMethodAccessorImpl.invoke(DelegatingMethodAccessorImpl.java:43)
	at java.lang.reflect.Method.invoke(Method.java:498)
	at org.springframework.aop.support.AopUtils.invokeJoinpointUsingReflection(AopUtils.java:317)
	at org.springframework.aop.framework.JdkDynamicAopProxy.invoke(JdkDynamicAopProxy.java:201)
	at com.sun.proxy.$Proxy20.exportSeckillUrl(Unknown Source)
	at cn.codingxiaxw.service.SeckillServiceTest.testSeckillLogic(SeckillServiceTest.java:53)
</error>
    <system-out><![CDATA[18:15:17.351 [main] DEBUG org.apache.ibatis.logging.LogFactory - Logging initialized using 'class org.apache.ibatis.logging.slf4j.Slf4jImpl' adapter.
18:15:17.423 [main] DEBUG org.apache.ibatis.io.ResolverUtil - Class not found: org.jboss.vfs.VFS
18:15:17.423 [main] DEBUG org.apache.ibatis.io.ResolverUtil - JBoss 6 VFS API is not available in this environment.
18:15:17.423 [main] DEBUG org.apache.ibatis.io.ResolverUtil - Class not found: org.jboss.vfs.VirtualFile
18:15:17.424 [main] DEBUG org.apache.ibatis.io.ResolverUtil - VFS implementation org.apache.ibatis.io.JBoss6VFS is not valid in this environment.
18:15:17.424 [main] DEBUG org.apache.ibatis.io.ResolverUtil - Using VFS adapter org.apache.ibatis.io.DefaultVFS
18:15:17.425 [main] DEBUG org.apache.ibatis.io.ResolverUtil - Find JAR URL: file:/home/liushikuan/%e4%b8%8b%e8%bd%bd/seckill-master-mvc/target/classes/cn/codingxiaxw/entity
18:15:17.425 [main] DEBUG org.apache.ibatis.io.ResolverUtil - Not a JAR: file:/home/liushikuan/%e4%b8%8b%e8%bd%bd/seckill-master-mvc/target/classes/cn/codingxiaxw/entity
18:15:17.460 [main] DEBUG org.apache.ibatis.io.ResolverUtil - Reader entry: Good.class
18:15:17.460 [main] DEBUG org.apache.ibatis.io.ResolverUtil - Reader entry: InStockHistory.class
18:15:17.460 [main] DEBUG org.apache.ibatis.io.ResolverUtil - Reader entry: Seckill.class
18:15:17.460 [main] DEBUG org.apache.ibatis.io.ResolverUtil - Reader entry: SuccessKilled.class
18:15:17.461 [main] DEBUG org.apache.ibatis.io.ResolverUtil - Reader entry: Test000.class
18:15:17.461 [main] DEBUG org.apache.ibatis.io.ResolverUtil - Reader entry: Vendor.class
18:15:17.461 [main] DEBUG org.apache.ibatis.io.ResolverUtil - Listing file:/home/liushikuan/%e4%b8%8b%e8%bd%bd/seckill-master-mvc/target/classes/cn/codingxiaxw/entity
18:15:17.461 [main] DEBUG org.apache.ibatis.io.ResolverUtil - Find JAR URL: file:/home/liushikuan/%e4%b8%8b%e8%bd%bd/seckill-master-mvc/target/classes/cn/codingxiaxw/entity/Good.class
18:15:17.461 [main] DEBUG org.apache.ibatis.io.ResolverUtil - Not a JAR: file:/home/liushikuan/%e4%b8%8b%e8%bd%bd/seckill-master-mvc/target/classes/cn/codingxiaxw/entity/Good.class
18:15:17.461 [main] DEBUG org.apache.ibatis.io.ResolverUtil - Reader entry: ����&amp#0;&amp#0;&amp#0;1&amp#0;2	&amp#0;&amp#8;&amp#0;(	&amp#0;&amp#8;&amp#0;)	&amp#0;&amp#8;&amp#0;*	&amp#0;&amp#8;&amp#0;+	&amp#0;&amp#8;&amp#0;,	&amp#0;&amp#8;&amp#0;-
18:15:17.462 [main] DEBUG org.apache.ibatis.io.ResolverUtil - Find JAR URL: file:/home/liushikuan/%e4%b8%8b%e8%bd%bd/seckill-master-mvc/target/classes/cn/codingxiaxw/entity/InStockHistory.class
18:15:17.462 [main] DEBUG org.apache.ibatis.io.ResolverUtil - Not a JAR: file:/home/liushikuan/%e4%b8%8b%e8%bd%bd/seckill-master-mvc/target/classes/cn/codingxiaxw/entity/InStockHistory.class
18:15:17.462 [main] DEBUG org.apache.ibatis.io.ResolverUtil - Reader entry: ����&amp#0;&amp#0;&amp#0;1&amp#0;<	&amp#0;
18:15:17.462 [main] DEBUG org.apache.ibatis.io.ResolverUtil - Find JAR URL: file:/home/liushikuan/%e4%b8%8b%e8%bd%bd/seckill-master-mvc/target/classes/cn/codingxiaxw/entity/Seckill.class
18:15:17.463 [main] DEBUG org.apache.ibatis.io.ResolverUtil - Not a JAR: file:/home/liushikuan/%e4%b8%8b%e8%bd%bd/seckill-master-mvc/target/classes/cn/codingxiaxw/entity/Seckill.class
18:15:17.463 [main] DEBUG org.apache.ibatis.io.ResolverUtil - Reader entry: ����&amp#0;&amp#0;&amp#0;1&amp#0;]	&amp#0;&amp#22;&amp#0;@	&amp#0;&amp#22;&amp#0;A	&amp#0;&amp#22;&amp#0;B	&amp#0;&amp#22;&amp#0;C	&amp#0;&amp#22;&amp#0;D	&amp#0;&amp#22;&amp#0;E&amp#7;&amp#0;F
18:15:17.463 [main] DEBUG org.apache.ibatis.io.ResolverUtil - Find JAR URL: file:/home/liushikuan/%e4%b8%8b%e8%bd%bd/seckill-master-mvc/target/classes/cn/codingxiaxw/entity/SuccessKilled.class
18:15:17.463 [main] DEBUG org.apache.ibatis.io.ResolverUtil - Not a JAR: file:/home/liushikuan/%e4%b8%8b%e8%bd%bd/seckill-master-mvc/target/classes/cn/codingxiaxw/entity/SuccessKilled.class
18:15:17.464 [main] DEBUG org.apache.ibatis.io.ResolverUtil - Reader entry: ����&amp#0;&amp#0;&amp#0;1&amp#0;T
18:15:17.464 [main] DEBUG org.apache.ibatis.io.ResolverUtil - Find JAR URL: file:/home/liushikuan/%e4%b8%8b%e8%bd%bd/seckill-master-mvc/target/classes/cn/codingxiaxw/entity/Test000.class
18:15:17.464 [main] DEBUG org.apache.ibatis.io.ResolverUtil - Not a JAR: file:/home/liushikuan/%e4%b8%8b%e8%bd%bd/seckill-master-mvc/target/classes/cn/codingxiaxw/entity/Test000.class
18:15:17.464 [main] DEBUG org.apache.ibatis.io.ResolverUtil - Reader entry: ����&amp#0;&amp#0;&amp#0;1&amp#0;&amp#29;
18:15:17.464 [main] DEBUG org.apache.ibatis.io.ResolverUtil - Find JAR URL: file:/home/liushikuan/%e4%b8%8b%e8%bd%bd/seckill-master-mvc/target/classes/cn/codingxiaxw/entity/Vendor.class
18:15:17.465 [main] DEBUG org.apache.ibatis.io.ResolverUtil - Not a JAR: file:/home/liushikuan/%e4%b8%8b%e8%bd%bd/seckill-master-mvc/target/classes/cn/codingxiaxw/entity/Vendor.class
18:15:17.465 [main] DEBUG org.apache.ibatis.io.ResolverUtil - Reader entry: ����&amp#0;&amp#0;&amp#0;1&amp#0;2	&amp#0;&amp#8;&amp#0;(	&amp#0;&amp#8;&amp#0;)	&amp#0;&amp#8;&amp#0;*	&amp#0;&amp#8;&amp#0;+	&amp#0;&amp#8;&amp#0;,	&amp#0;&amp#8;&amp#0;-
18:15:17.465 [main] DEBUG org.apache.ibatis.io.ResolverUtil - Checking to see if class cn.codingxiaxw.entity.Good matches criteria [is assignable to Object]
18:15:17.465 [main] DEBUG org.apache.ibatis.io.ResolverUtil - Checking to see if class cn.codingxiaxw.entity.InStockHistory matches criteria [is assignable to Object]
18:15:17.466 [main] DEBUG org.apache.ibatis.io.ResolverUtil - Checking to see if class cn.codingxiaxw.entity.Seckill matches criteria [is assignable to Object]
18:15:17.466 [main] DEBUG org.apache.ibatis.io.ResolverUtil - Checking to see if class cn.codingxiaxw.entity.SuccessKilled matches criteria [is assignable to Object]
18:15:17.466 [main] DEBUG org.apache.ibatis.io.ResolverUtil - Checking to see if class cn.codingxiaxw.entity.Test000 matches criteria [is assignable to Object]
18:15:17.466 [main] DEBUG org.apache.ibatis.io.ResolverUtil - Checking to see if class cn.codingxiaxw.entity.Vendor matches criteria [is assignable to Object]
18:15:17.467 [main] DEBUG o.m.spring.SqlSessionFactoryBean - Scanned package: 'cn.codingxiaxw.entity' for aliases
18:15:17.488 [main] DEBUG o.m.spring.SqlSessionFactoryBean - Parsed configuration file: 'class path resource [mybatis-config.xml]'
18:15:17.525 [main] DEBUG o.m.spring.SqlSessionFactoryBean - Parsed mapper file: 'file [/home/liushikuan/下载/seckill-master-mvc/target/classes/mapper/GoodDao.xml]'
18:15:17.533 [main] DEBUG o.m.spring.SqlSessionFactoryBean - Parsed mapper file: 'file [/home/liushikuan/下载/seckill-master-mvc/target/classes/mapper/SeckillDao.xml]'
18:15:17.539 [main] DEBUG o.m.spring.SqlSessionFactoryBean - Parsed mapper file: 'file [/home/liushikuan/下载/seckill-master-mvc/target/classes/mapper/SuccessKilledDao.xml]'
18:15:17.543 [main] DEBUG o.m.spring.SqlSessionFactoryBean - Parsed mapper file: 'file [/home/liushikuan/下载/seckill-master-mvc/target/classes/mapper/TestDao.xml]'
18:15:17.646 [main] DEBUG org.mybatis.spring.SqlSessionUtils - Creating a new SqlSession
18:15:17.649 [main] DEBUG org.mybatis.spring.SqlSessionUtils - SqlSession [org.apache.ibatis.session.defaults.DefaultSqlSession@56c4278e] was not registered for synchronization because synchronization is not active
18:15:17.910 [main] DEBUG o.m.s.t.SpringManagedTransaction - JDBC Connection [com.mchange.v2.c3p0.impl.NewProxyConnection@3403e2ac] will not be managed by Spring
18:15:17.913 [main] DEBUG c.c.dao.SeckillDao.queryById - ==>  Preparing: SELECT * FROM seckill WHERE seckill_id=? 
18:15:17.939 [main] DEBUG c.c.dao.SeckillDao.queryById - ==> Parameters: 1000(Long)
18:15:17.955 [main] DEBUG org.mybatis.spring.SqlSessionUtils - Closing non transactional SqlSession [org.apache.ibatis.session.defaults.DefaultSqlSession@56c4278e]
]]></system-out>
    <system-err><![CDATA[十月 16, 2017 6:15:16 下午 org.springframework.test.context.support.DefaultTestContextBootstrapper getDefaultTestExecutionListenerClassNames
信息: Loaded default TestExecutionListener class names from location [META-INF/spring.factories]: [org.springframework.test.context.web.ServletTestExecutionListener, org.springframework.test.context.support.DependencyInjectionTestExecutionListener, org.springframework.test.context.support.DirtiesContextTestExecutionListener, org.springframework.test.context.transaction.TransactionalTestExecutionListener, org.springframework.test.context.jdbc.SqlScriptsTestExecutionListener]
十月 16, 2017 6:15:16 下午 org.springframework.test.context.support.DefaultTestContextBootstrapper getTestExecutionListeners
信息: Using TestExecutionListeners: [org.springframework.test.context.web.ServletTestExecutionListener@531be3c5, org.springframework.test.context.support.DependencyInjectionTestExecutionListener@52af6cff, org.springframework.test.context.support.DirtiesContextTestExecutionListener@735b478, org.springframework.test.context.transaction.TransactionalTestExecutionListener@2c9f9fb0, org.springframework.test.context.jdbc.SqlScriptsTestExecutionListener@2096442d]
十月 16, 2017 6:15:16 下午 org.springframework.beans.factory.xml.XmlBeanDefinitionReader loadBeanDefinitions
信息: Loading XML bean definitions from class path resource [spring/spring-dao.xml]
十月 16, 2017 6:15:17 下午 org.springframework.beans.factory.xml.XmlBeanDefinitionReader loadBeanDefinitions
信息: Loading XML bean definitions from class path resource [spring/spring-service.xml]
十月 16, 2017 6:15:17 下午 org.springframework.context.support.GenericApplicationContext prepareRefresh
信息: Refreshing org.springframework.context.support.GenericApplicationContext@71bbf57e: startup date [Mon Oct 16 18:15:17 CST 2017]; root of context hierarchy
十月 16, 2017 6:15:17 下午 org.springframework.context.support.PropertySourcesPlaceholderConfigurer loadProperties
信息: Loading properties file from class path resource [jdbc.properties]
十月 16, 2017 6:15:17 下午 com.mchange.v2.log.MLog <clinit>
信息: MLog clients using java 1.4+ standard logging.
十月 16, 2017 6:15:17 下午 com.mchange.v2.c3p0.C3P0Registry banner
信息: Initializing c3p0-0.9.1.1 [built 15-March-2007 01:32:31; debug? true; trace: 10]
十月 16, 2017 6:15:17 下午 com.mchange.v2.c3p0.impl.AbstractPoolBackedDataSource getPoolManager
信息: Initializing c3p0 pool... com.mchange.v2.c3p0.ComboPooledDataSource [ acquireIncrement -> 3, acquireRetryAttempts -> 2, acquireRetryDelay -> 1000, autoCommitOnClose -> false, automaticTestTable -> null, breakAfterAcquireFailure -> false, checkoutTimeout -> 1000, connectionCustomizerClassName -> null, connectionTesterClassName -> com.mchange.v2.c3p0.impl.DefaultConnectionTester, dataSourceName -> z8kfsx9ra6e2vm1j0a09n|5c90e579, debugUnreturnedConnectionStackTraces -> false, description -> null, driverClass -> com.mysql.jdbc.Driver, factoryClassLocation -> null, forceIgnoreUnresolvedTransactions -> false, identityToken -> z8kfsx9ra6e2vm1j0a09n|5c90e579, idleConnectionTestPeriod -> 0, initialPoolSize -> 3, jdbcUrl -> jdbc:mysql://localhost:3306/inoutstock?useUnicode=true&characterEncoding=utf-8, lastAcquisitionFailureDefaultUser -> null, maxAdministrativeTaskTime -> 0, maxConnectionAge -> 0, maxIdleTime -> 0, maxIdleTimeExcessConnections -> 0, maxPoolSize -> 30, maxStatements -> 0, maxStatementsPerConnection -> 0, minPoolSize -> 10, numHelperThreads -> 3, numThreadsAwaitingCheckoutDefaultUser -> 0, preferredTestQuery -> null, properties -> {user=******, password=******}, propertyCycle -> 0, testConnectionOnCheckin -> false, testConnectionOnCheckout -> false, unreturnedConnectionTimeout -> 0, usesTraditionalReflectiveProxies -> false ]
]]></system-err>
  </testcase>
  <testcase name="getById" classname="cn.codingxiaxw.service.SeckillServiceTest" time="0.003">
    <error message="nested exception is org.apache.ibatis.executor.ExecutorException: No constructor found in cn.codingxiaxw.entity.Seckill matching [java.lang.Long, java.lang.String, java.lang.Integer, java.sql.Timestamp, java.lang.String, java.sql.Timestamp]" type="org.mybatis.spring.MyBatisSystemException">org.mybatis.spring.MyBatisSystemException: nested exception is org.apache.ibatis.executor.ExecutorException: No constructor found in cn.codingxiaxw.entity.Seckill matching [java.lang.Long, java.lang.String, java.lang.Integer, java.sql.Timestamp, java.lang.String, java.sql.Timestamp]
	at org.apache.ibatis.executor.resultset.DefaultResultSetHandler.createByConstructorSignature(DefaultResultSetHandler.java:584)
	at org.apache.ibatis.executor.resultset.DefaultResultSetHandler.createResultObject(DefaultResultSetHandler.java:533)
	at org.apache.ibatis.executor.resultset.DefaultResultSetHandler.createResultObject(DefaultResultSetHandler.java:508)
	at org.apache.ibatis.executor.resultset.DefaultResultSetHandler.getRowValue(DefaultResultSetHandler.java:339)
	at org.apache.ibatis.executor.resultset.DefaultResultSetHandler.handleRowValuesForSimpleResultMap(DefaultResultSetHandler.java:298)
	at org.apache.ibatis.executor.resultset.DefaultResultSetHandler.handleRowValues(DefaultResultSetHandler.java:273)
	at org.apache.ibatis.executor.resultset.DefaultResultSetHandler.handleResultSet(DefaultResultSetHandler.java:246)
	at org.apache.ibatis.executor.resultset.DefaultResultSetHandler.handleResultSets(DefaultResultSetHandler.java:160)
	at org.apache.ibatis.executor.statement.PreparedStatementHandler.query(PreparedStatementHandler.java:63)
	at org.apache.ibatis.executor.statement.RoutingStatementHandler.query(RoutingStatementHandler.java:78)
	at org.apache.ibatis.executor.SimpleExecutor.doQuery(SimpleExecutor.java:62)
	at org.apache.ibatis.executor.BaseExecutor.queryFromDatabase(BaseExecutor.java:303)
	at org.apache.ibatis.executor.BaseExecutor.query(BaseExecutor.java:154)
	at org.apache.ibatis.executor.CachingExecutor.query(CachingExecutor.java:102)
	at org.apache.ibatis.executor.CachingExecutor.query(CachingExecutor.java:82)
	at org.apache.ibatis.session.defaults.DefaultSqlSession.selectList(DefaultSqlSession.java:120)
	at org.apache.ibatis.session.defaults.DefaultSqlSession.selectList(DefaultSqlSession.java:113)
	at org.apache.ibatis.session.defaults.DefaultSqlSession.selectOne(DefaultSqlSession.java:73)
	at sun.reflect.NativeMethodAccessorImpl.invoke0(Native Method)
	at sun.reflect.NativeMethodAccessorImpl.invoke(NativeMethodAccessorImpl.java:62)
	at sun.reflect.DelegatingMethodAccessorImpl.invoke(DelegatingMethodAccessorImpl.java:43)
	at java.lang.reflect.Method.invoke(Method.java:498)
	at org.mybatis.spring.SqlSessionTemplate$SqlSessionInterceptor.invoke(SqlSessionTemplate.java:386)
	at com.sun.proxy.$Proxy15.selectOne(Unknown Source)
	at org.mybatis.spring.SqlSessionTemplate.selectOne(SqlSessionTemplate.java:165)
	at org.apache.ibatis.binding.MapperMethod.execute(MapperMethod.java:69)
	at org.apache.ibatis.binding.MapperProxy.invoke(MapperProxy.java:53)
	at com.sun.proxy.$Proxy16.queryById(Unknown Source)
	at cn.codingxiaxw.service.impl.SeckillServiceImpl.getById(SeckillServiceImpl.java:56)
	at sun.reflect.NativeMethodAccessorImpl.invoke0(Native Method)
	at sun.reflect.NativeMethodAccessorImpl.invoke(NativeMethodAccessorImpl.java:62)
	at sun.reflect.DelegatingMethodAccessorImpl.invoke(DelegatingMethodAccessorImpl.java:43)
	at java.lang.reflect.Method.invoke(Method.java:498)
	at org.springframework.aop.support.AopUtils.invokeJoinpointUsingReflection(AopUtils.java:317)
	at org.springframework.aop.framework.JdkDynamicAopProxy.invoke(JdkDynamicAopProxy.java:201)
	at com.sun.proxy.$Proxy20.getById(Unknown Source)
	at cn.codingxiaxw.service.SeckillServiceTest.getById(SeckillServiceTest.java:46)
</error>
    <system-out><![CDATA[18:15:17.963 [main] DEBUG org.mybatis.spring.SqlSessionUtils - Creating a new SqlSession
18:15:17.963 [main] DEBUG org.mybatis.spring.SqlSessionUtils - SqlSession [org.apache.ibatis.session.defaults.DefaultSqlSession@6af9fcb2] was not registered for synchronization because synchronization is not active
18:15:17.963 [main] DEBUG o.m.s.t.SpringManagedTransaction - JDBC Connection [com.mchange.v2.c3p0.impl.NewProxyConnection@7efaad5a] will not be managed by Spring
18:15:17.963 [main] DEBUG c.c.dao.SeckillDao.queryById - ==>  Preparing: SELECT * FROM seckill WHERE seckill_id=? 
18:15:17.963 [main] DEBUG c.c.dao.SeckillDao.queryById - ==> Parameters: 1000(Long)
18:15:17.964 [main] DEBUG org.mybatis.spring.SqlSessionUtils - Closing non transactional SqlSession [org.apache.ibatis.session.defaults.DefaultSqlSession@6af9fcb2]
]]></system-out>
  </testcase>
  <testcase name="executeSeckill" classname="cn.codingxiaxw.service.SeckillServiceTest" time="0"/>
  <testcase name="getSeckillList" classname="cn.codingxiaxw.service.SeckillServiceTest" time="0.005">
    <error message="nested exception is org.apache.ibatis.executor.ExecutorException: No constructor found in cn.codingxiaxw.entity.Seckill matching [java.lang.Long, java.lang.String, java.lang.Integer, java.sql.Timestamp, java.lang.String, java.sql.Timestamp]" type="org.mybatis.spring.MyBatisSystemException">org.mybatis.spring.MyBatisSystemException: nested exception is org.apache.ibatis.executor.ExecutorException: No constructor found in cn.codingxiaxw.entity.Seckill matching [java.lang.Long, java.lang.String, java.lang.Integer, java.sql.Timestamp, java.lang.String, java.sql.Timestamp]
	at org.apache.ibatis.executor.resultset.DefaultResultSetHandler.createByConstructorSignature(DefaultResultSetHandler.java:584)
	at org.apache.ibatis.executor.resultset.DefaultResultSetHandler.createResultObject(DefaultResultSetHandler.java:533)
	at org.apache.ibatis.executor.resultset.DefaultResultSetHandler.createResultObject(DefaultResultSetHandler.java:508)
	at org.apache.ibatis.executor.resultset.DefaultResultSetHandler.getRowValue(DefaultResultSetHandler.java:339)
	at org.apache.ibatis.executor.resultset.DefaultResultSetHandler.handleRowValuesForSimpleResultMap(DefaultResultSetHandler.java:298)
	at org.apache.ibatis.executor.resultset.DefaultResultSetHandler.handleRowValues(DefaultResultSetHandler.java:273)
	at org.apache.ibatis.executor.resultset.DefaultResultSetHandler.handleResultSet(DefaultResultSetHandler.java:246)
	at org.apache.ibatis.executor.resultset.DefaultResultSetHandler.handleResultSets(DefaultResultSetHandler.java:160)
	at org.apache.ibatis.executor.statement.PreparedStatementHandler.query(PreparedStatementHandler.java:63)
	at org.apache.ibatis.executor.statement.RoutingStatementHandler.query(RoutingStatementHandler.java:78)
	at org.apache.ibatis.executor.SimpleExecutor.doQuery(SimpleExecutor.java:62)
	at org.apache.ibatis.executor.BaseExecutor.queryFromDatabase(BaseExecutor.java:303)
	at org.apache.ibatis.executor.BaseExecutor.query(BaseExecutor.java:154)
	at org.apache.ibatis.executor.CachingExecutor.query(CachingExecutor.java:102)
	at org.apache.ibatis.executor.CachingExecutor.query(CachingExecutor.java:82)
	at org.apache.ibatis.session.defaults.DefaultSqlSession.selectList(DefaultSqlSession.java:120)
	at org.apache.ibatis.session.defaults.DefaultSqlSession.selectList(DefaultSqlSession.java:113)
	at sun.reflect.NativeMethodAccessorImpl.invoke0(Native Method)
	at sun.reflect.NativeMethodAccessorImpl.invoke(NativeMethodAccessorImpl.java:62)
	at sun.reflect.DelegatingMethodAccessorImpl.invoke(DelegatingMethodAccessorImpl.java:43)
	at java.lang.reflect.Method.invoke(Method.java:498)
	at org.mybatis.spring.SqlSessionTemplate$SqlSessionInterceptor.invoke(SqlSessionTemplate.java:386)
	at com.sun.proxy.$Proxy15.selectList(Unknown Source)
	at org.mybatis.spring.SqlSessionTemplate.selectList(SqlSessionTemplate.java:205)
	at org.apache.ibatis.binding.MapperMethod.executeForMany(MapperMethod.java:122)
	at org.apache.ibatis.binding.MapperMethod.execute(MapperMethod.java:64)
	at org.apache.ibatis.binding.MapperProxy.invoke(MapperProxy.java:53)
	at com.sun.proxy.$Proxy16.queryAll(Unknown Source)
	at cn.codingxiaxw.service.impl.SeckillServiceImpl.getSeckillList(SeckillServiceImpl.java:52)
	at sun.reflect.NativeMethodAccessorImpl.invoke0(Native Method)
	at sun.reflect.NativeMethodAccessorImpl.invoke(NativeMethodAccessorImpl.java:62)
	at sun.reflect.DelegatingMethodAccessorImpl.invoke(DelegatingMethodAccessorImpl.java:43)
	at java.lang.reflect.Method.invoke(Method.java:498)
	at org.springframework.aop.support.AopUtils.invokeJoinpointUsingReflection(AopUtils.java:317)
	at org.springframework.aop.framework.JdkDynamicAopProxy.invoke(JdkDynamicAopProxy.java:201)
	at com.sun.proxy.$Proxy20.getSeckillList(Unknown Source)
	at cn.codingxiaxw.service.SeckillServiceTest.getSeckillList(SeckillServiceTest.java:37)
</error>
    <system-out><![CDATA[18:15:17.968 [main] DEBUG org.mybatis.spring.SqlSessionUtils - Creating a new SqlSession
18:15:17.968 [main] DEBUG org.mybatis.spring.SqlSessionUtils - SqlSession [org.apache.ibatis.session.defaults.DefaultSqlSession@2bb3058] was not registered for synchronization because synchronization is not active
18:15:17.968 [main] DEBUG o.m.s.t.SpringManagedTransaction - JDBC Connection [com.mchange.v2.c3p0.impl.NewProxyConnection@5a2d131d] will not be managed by Spring
18:15:17.968 [main] DEBUG c.c.dao.SeckillDao.queryAll - ==>  Preparing: SELECT * FROM seckill ORDER BY create_time DESC limit ?,? 
18:15:17.969 [main] DEBUG c.c.dao.SeckillDao.queryAll - ==> Parameters: 0(Integer), 4(Integer)
18:15:17.970 [main] DEBUG org.mybatis.spring.SqlSessionUtils - Closing non transactional SqlSession [org.apache.ibatis.session.defaults.DefaultSqlSession@2bb3058]
]]></system-out>
  </testcase>
</testsuite>